TN:
SF:C:\Users\ADMIN\try-app\src\polyfills.ts
FNF:0
FNH:0
LF:0
LH:0
BRF:0
BRH:0
end_of_record
TN:
SF:C:\Users\ADMIN\try-app\src\test.ts
FNF:0
FNH:0
DA:18,1
DA:23,1
DA:25,1
LF:3
LH:3
BRF:0
BRH:0
end_of_record
TN:
SF:C:\Users\ADMIN\try-app\src\app\app.component.ts
FN:8,(anonymous_0)
FNF:1
FNH:1
FNDA:2,(anonymous_0)
DA:8,1
DA:9,2
LF:2
LH:2
BRF:0
BRH:0
end_of_record
TN:
SF:C:\Users\ADMIN\try-app\src\app\login-user.service.ts
FN:13,(anonymous_0)
FN:16,(anonymous_1)
FNF:2
FNH:2
FNDA:3,(anonymous_0)
FNDA:1,(anonymous_1)
DA:10,1
DA:13,3
DA:18,1
LF:3
LH:3
BRF:0
BRH:0
end_of_record
TN:
SF:C:\Users\ADMIN\try-app\src\app\login.ts
FN:8,(anonymous_0)
FNF:1
FNH:1
FNDA:1,(anonymous_0)
LF:0
LH:0
BRF:0
BRH:0
end_of_record
TN:
SF:C:\Users\ADMIN\try-app\src\app\opportunity.ts
FN:14,(anonymous_0)
FNF:1
FNH:1
FNDA:17,(anonymous_0)
LF:0
LH:0
BRF:0
BRH:0
end_of_record
TN:
SF:C:\Users\ADMIN\try-app\src\app\opportunityservice.service.ts
FN:11,(anonymous_0)
FN:15,(anonymous_1)
FN:20,(anonymous_2)
FN:26,(anonymous_3)
FN:31,(anonymous_4)
FN:36,(anonymous_5)
FN:41,(anonymous_6)
FN:45,(anonymous_7)
FNF:8
FNH:7
FNDA:24,(anonymous_0)
FNDA:0,(anonymous_1)
FNDA:1,(anonymous_2)
FNDA:1,(anonymous_3)
FNDA:4,(anonymous_4)
FNDA:1,(anonymous_5)
FNDA:2,(anonymous_6)
FNDA:1,(anonymous_7)
DA:9,1
DA:11,24
DA:12,24
DA:17,0
DA:23,1
DA:29,1
DA:33,4
DA:38,1
DA:43,2
DA:47,1
LF:10
LH:9
BRF:0
BRH:0
end_of_record
TN:
SF:C:\Users\ADMIN\try-app\src\app\tokeninterceptor.ts
FN:12,(anonymous_0)
FNF:1
FNH:0
FNDA:0,(anonymous_0)
DA:8,1
DA:13,0
DA:14,0
DA:15,0
DA:21,0
LF:5
LH:1
BRF:0
BRH:0
end_of_record
TN:
SF:C:\Users\ADMIN\try-app\src\app\create\create.component.ts
FN:17,(anonymous_0)
FN:19,(anonymous_1)
FN:49,(anonymous_2)
FN:55,(anonymous_3)
FN:57,(anonymous_4)
FNF:5
FNH:3
FNDA:15,(anonymous_0)
FNDA:15,(anonymous_1)
FNDA:30,(anonymous_2)
FNDA:0,(anonymous_3)
FNDA:0,(anonymous_4)
DA:12,1
DA:13,15
DA:17,15
DA:20,15
DA:47,15
DA:50,30
DA:51,30
DA:53,0
DA:56,0
DA:57,0
DA:58,0
LF:11
LH:7
BRDA:50,0,0,30
BRDA:50,0,1,0
BRDA:53,1,0,0
BRDA:53,1,1,0
BRF:4
BRH:1
end_of_record
TN:
SF:C:\Users\ADMIN\try-app\src\app\login\login.component.ts
FN:18,(anonymous_0)
FN:20,(anonymous_1)
FN:24,(anonymous_2)
FN:31,(anonymous_3)
FN:35,(anonymous_4)
FN:43,(anonymous_5)
FN:49,(anonymous_6)
FNF:7
FNH:2
FNDA:1,(anonymous_0)
FNDA:1,(anonymous_1)
FNDA:0,(anonymous_2)
FNDA:0,(anonymous_3)
FNDA:0,(anonymous_4)
FNDA:0,(anonymous_5)
FNDA:0,(anonymous_6)
DA:13,1
DA:18,1
DA:21,1
DA:24,1
DA:25,0
DA:26,0
DA:32,0
DA:37,0
DA:38,0
DA:39,0
DA:46,0
DA:47,0
DA:48,0
DA:49,0
DA:50,0
LF:15
LH:4
BRF:0
BRH:0
end_of_record
TN:
SF:C:\Users\ADMIN\try-app\src\app\trendschart\trendschart.component.ts
FN:12,(anonymous_0)
FN:30,(anonymous_1)
FN:31,(anonymous_2)
FNF:3
FNH:2
FNDA:1,(anonymous_0)
FNDA:1,(anonymous_1)
FNDA:0,(anonymous_2)
DA:9,1
DA:12,1
DA:14,1
DA:18,1
DA:19,1
DA:20,1
DA:21,1
DA:25,1
DA:31,1
DA:32,0
LF:10
LH:9
BRF:0
BRH:0
end_of_record
TN:
SF:C:\Users\ADMIN\try-app\src\app\update\update.component.ts
FN:19,(anonymous_0)
FN:22,(anonymous_1)
FN:26,(anonymous_2)
FN:43,(anonymous_3)
FN:51,(anonymous_4)
FN:54,(anonymous_5)
FNF:6
FNH:2
FNDA:1,(anonymous_0)
FNDA:1,(anonymous_1)
FNDA:0,(anonymous_2)
FNDA:0,(anonymous_3)
FNDA:0,(anonymous_4)
FNDA:0,(anonymous_5)
DA:13,1
DA:16,1
DA:19,1
DA:24,1
DA:25,1
DA:26,1
DA:27,1
DA:32,1
DA:33,1
DA:34,1
DA:35,1
DA:36,1
DA:37,1
DA:38,1
DA:39,1
DA:40,1
DA:41,1
DA:44,0
DA:45,0
DA:47,0
DA:53,0
DA:54,0
DA:55,0
LF:23
LH:17
BRDA:44,0,0,0
BRDA:44,0,1,0
BRDA:47,1,0,0
BRDA:47,1,1,0
BRF:4
BRH:0
end_of_record
TN:
SF:C:\Users\ADMIN\try-app\src\app\view\view.component.ts
FN:18,(anonymous_0)
FN:42,(anonymous_1)
FN:45,(anonymous_2)
FN:52,(anonymous_3)
FN:55,(anonymous_4)
FN:61,(anonymous_5)
FN:65,(anonymous_6)
FNF:7
FNH:3
FNDA:2,(anonymous_0)
FNDA:0,(anonymous_1)
FNDA:0,(anonymous_2)
FNDA:2,(anonymous_3)
FNDA:0,(anonymous_4)
FNDA:3,(anonymous_5)
FNDA:0,(anonymous_6)
DA:16,1
DA:18,2
DA:19,2
DA:37,2
DA:38,2
DA:40,1
DA:44,0
DA:45,0
DA:46,0
DA:49,0
DA:54,2
DA:55,2
DA:56,0
DA:57,0
DA:63,3
DA:67,0
LF:16
LH:9
BRF:0
BRH:0
end_of_record
TN:
SF:C:\Users\ADMIN\try-app\src\environments\environment.ts
FNF:0
FNH:0
DA:5,1
LF:1
LH:1
BRF:0
BRH:0
end_of_record
